2020-08-03 09:53:47.807  WARN 20612 --- [restartedMain] JpaBaseConfiguration$JpaWebConfiguration : spring.jpa.open-in-view is enabled by default. Therefore, database queries may be performed during view rendering. Explicitly configure spring.jpa.open-in-view to disable this warning
2020-08-03 09:59:59.784 DEBUG 20612 --- [https-jsse-nio-8443-exec-4] org.hibernate.SQL                        : select transforme0_.id as id1_0_, transforme0_.ip as ip2_0_, transforme0_.namesubs as namesubs3_0_, transforme0_.user_id as user_id5_0_, transforme0_.zone as zone4_0_ from transformersubstations transforme0_ order by transforme0_.id desc limit ?
2020-08-03 09:59:59.803 DEBUG 20612 --- [https-jsse-nio-8443-exec-4] org.hibernate.SQL                        : select user0_.id as id1_1_0_, user0_.password as password2_1_0_, user0_.username as username3_1_0_ from user user0_ where user0_.id=?
2020-08-03 09:59:59.806 TRACE 20612 --- [https-jsse-nio-8443-exec-4] o.h.type.descriptor.sql.BasicBinder      : binding parameter [1] as [BIGINT] - [15]
2020-08-03 09:59:59.828 DEBUG 20612 --- [https-jsse-nio-8443-exec-4] org.hibernate.SQL                        : select count(transforme0_.id) as col_0_0_ from transformersubstations transforme0_
2020-08-03 10:00:00.008 DEBUG 20612 --- [https-jsse-nio-8443-exec-3] org.hibernate.SQL                        : select transforme0_.id as id1_0_, transforme0_.ip as ip2_0_, transforme0_.namesubs as namesubs3_0_, transforme0_.user_id as user_id5_0_, transforme0_.zone as zone4_0_ from transformersubstations transforme0_
2020-08-03 10:00:00.010 DEBUG 20612 --- [https-jsse-nio-8443-exec-3] org.hibernate.SQL                        : select user0_.id as id1_1_0_, user0_.password as password2_1_0_, user0_.username as username3_1_0_ from user user0_ where user0_.id=?
2020-08-03 10:00:00.010 TRACE 20612 --- [https-jsse-nio-8443-exec-3] o.h.type.descriptor.sql.BasicBinder      : binding parameter [1] as [BIGINT] - [15]
2020-08-03 10:00:00.815 DEBUG 20612 --- [https-jsse-nio-8443-exec-6] org.hibernate.SQL                        : select transforme0_.id as id1_0_, transforme0_.ip as ip2_0_, transforme0_.namesubs as namesubs3_0_, transforme0_.user_id as user_id5_0_, transforme0_.zone as zone4_0_ from transformersubstations transforme0_ order by transforme0_.id desc limit ?
2020-08-03 10:00:00.817 DEBUG 20612 --- [https-jsse-nio-8443-exec-6] org.hibernate.SQL                        : select user0_.id as id1_1_0_, user0_.password as password2_1_0_, user0_.username as username3_1_0_ from user user0_ where user0_.id=?
2020-08-03 10:00:00.817 TRACE 20612 --- [https-jsse-nio-8443-exec-6] o.h.type.descriptor.sql.BasicBinder      : binding parameter [1] as [BIGINT] - [15]
2020-08-03 10:00:00.819 DEBUG 20612 --- [https-jsse-nio-8443-exec-6] org.hibernate.SQL                        : select count(transforme0_.id) as col_0_0_ from transformersubstations transforme0_
2020-08-03 10:00:01.509 DEBUG 20612 --- [https-jsse-nio-8443-exec-9] org.hibernate.SQL                        : select transforme0_.id as id1_0_, transforme0_.ip as ip2_0_, transforme0_.namesubs as namesubs3_0_, transforme0_.user_id as user_id5_0_, transforme0_.zone as zone4_0_ from transformersubstations transforme0_
2020-08-03 10:00:01.511 DEBUG 20612 --- [https-jsse-nio-8443-exec-9] org.hibernate.SQL                        : select user0_.id as id1_1_0_, user0_.password as password2_1_0_, user0_.username as username3_1_0_ from user user0_ where user0_.id=?
2020-08-03 10:00:01.511 TRACE 20612 --- [https-jsse-nio-8443-exec-9] o.h.type.descriptor.sql.BasicBinder      : binding parameter [1] as [BIGINT] - [15]
2020-08-03 10:00:01.961 DEBUG 20612 --- [https-jsse-nio-8443-exec-8] org.hibernate.SQL                        : select transforme0_.id as id1_0_, transforme0_.ip as ip2_0_, transforme0_.namesubs as namesubs3_0_, transforme0_.user_id as user_id5_0_, transforme0_.zone as zone4_0_ from transformersubstations transforme0_ order by transforme0_.id desc limit ?
2020-08-03 10:00:01.962 DEBUG 20612 --- [https-jsse-nio-8443-exec-8] org.hibernate.SQL                        : select user0_.id as id1_1_0_, user0_.password as password2_1_0_, user0_.username as username3_1_0_ from user user0_ where user0_.id=?
2020-08-03 10:00:01.963 TRACE 20612 --- [https-jsse-nio-8443-exec-8] o.h.type.descriptor.sql.BasicBinder      : binding parameter [1] as [BIGINT] - [15]
2020-08-03 10:00:01.964 DEBUG 20612 --- [https-jsse-nio-8443-exec-8] org.hibernate.SQL                        : select count(transforme0_.id) as col_0_0_ from transformersubstations transforme0_
2020-08-03 10:00:02.345 DEBUG 20612 --- [https-jsse-nio-8443-exec-7] org.hibernate.SQL                        : select transforme0_.id as id1_0_, transforme0_.ip as ip2_0_, transforme0_.namesubs as namesubs3_0_, transforme0_.user_id as user_id5_0_, transforme0_.zone as zone4_0_ from transformersubstations transforme0_
2020-08-03 10:00:02.347 DEBUG 20612 --- [https-jsse-nio-8443-exec-7] org.hibernate.SQL                        : select user0_.id as id1_1_0_, user0_.password as password2_1_0_, user0_.username as username3_1_0_ from user user0_ where user0_.id=?
2020-08-03 10:00:02.348 TRACE 20612 --- [https-jsse-nio-8443-exec-7] o.h.type.descriptor.sql.BasicBinder      : binding parameter [1] as [BIGINT] - [15]
2020-08-03 10:00:03.305 DEBUG 20612 --- [https-jsse-nio-8443-exec-10] org.hibernate.SQL                        : select transforme0_.id as id1_0_, transforme0_.ip as ip2_0_, transforme0_.namesubs as namesubs3_0_, transforme0_.user_id as user_id5_0_, transforme0_.zone as zone4_0_ from transformersubstations transforme0_ order by transforme0_.id desc limit ?
2020-08-03 10:00:03.307 DEBUG 20612 --- [https-jsse-nio-8443-exec-10] org.hibernate.SQL                        : select user0_.id as id1_1_0_, user0_.password as password2_1_0_, user0_.username as username3_1_0_ from user user0_ where user0_.id=?
2020-08-03 10:00:03.307 TRACE 20612 --- [https-jsse-nio-8443-exec-10] o.h.type.descriptor.sql.BasicBinder      : binding parameter [1] as [BIGINT] - [15]
2020-08-03 10:00:03.308 DEBUG 20612 --- [https-jsse-nio-8443-exec-10] org.hibernate.SQL                        : select count(transforme0_.id) as col_0_0_ from transformersubstations transforme0_
2020-08-03 10:00:03.830 DEBUG 20612 --- [https-jsse-nio-8443-exec-5] org.hibernate.SQL                        : select transforme0_.id as id1_0_, transforme0_.ip as ip2_0_, transforme0_.namesubs as namesubs3_0_, transforme0_.user_id as user_id5_0_, transforme0_.zone as zone4_0_ from transformersubstations transforme0_
2020-08-03 10:00:03.831 DEBUG 20612 --- [https-jsse-nio-8443-exec-5] org.hibernate.SQL                        : select user0_.id as id1_1_0_, user0_.password as password2_1_0_, user0_.username as username3_1_0_ from user user0_ where user0_.id=?
2020-08-03 10:00:03.832 TRACE 20612 --- [https-jsse-nio-8443-exec-5] o.h.type.descriptor.sql.BasicBinder      : binding parameter [1] as [BIGINT] - [15]
2020-08-03 10:00:04.421 DEBUG 20612 --- [https-jsse-nio-8443-exec-1] org.hibernate.SQL                        : select transforme0_.id as id1_0_, transforme0_.ip as ip2_0_, transforme0_.namesubs as namesubs3_0_, transforme0_.user_id as user_id5_0_, transforme0_.zone as zone4_0_ from transformersubstations transforme0_ order by transforme0_.id desc limit ?
2020-08-03 10:00:04.422 DEBUG 20612 --- [https-jsse-nio-8443-exec-1] org.hibernate.SQL                        : select user0_.id as id1_1_0_, user0_.password as password2_1_0_, user0_.username as username3_1_0_ from user user0_ where user0_.id=?
2020-08-03 10:00:04.422 TRACE 20612 --- [https-jsse-nio-8443-exec-1] o.h.type.descriptor.sql.BasicBinder      : binding parameter [1] as [BIGINT] - [15]
2020-08-03 10:00:04.423 DEBUG 20612 --- [https-jsse-nio-8443-exec-1] org.hibernate.SQL                        : select count(transforme0_.id) as col_0_0_ from transformersubstations transforme0_
2020-08-03 10:00:04.980 DEBUG 20612 --- [https-jsse-nio-8443-exec-2] org.hibernate.SQL                        : select transforme0_.id as id1_0_, transforme0_.ip as ip2_0_, transforme0_.namesubs as namesubs3_0_, transforme0_.user_id as user_id5_0_, transforme0_.zone as zone4_0_ from transformersubstations transforme0_
2020-08-03 10:00:04.982 DEBUG 20612 --- [https-jsse-nio-8443-exec-2] org.hibernate.SQL                        : select user0_.id as id1_1_0_, user0_.password as password2_1_0_, user0_.username as username3_1_0_ from user user0_ where user0_.id=?
2020-08-03 10:00:04.982 TRACE 20612 --- [https-jsse-nio-8443-exec-2] o.h.type.descriptor.sql.BasicBinder      : binding parameter [1] as [BIGINT] - [15]
2020-08-03 10:00:05.372 DEBUG 20612 --- [https-jsse-nio-8443-exec-4] org.hibernate.SQL                        : select transforme0_.id as id1_0_, transforme0_.ip as ip2_0_, transforme0_.namesubs as namesubs3_0_, transforme0_.user_id as user_id5_0_, transforme0_.zone as zone4_0_ from transformersubstations transforme0_ order by transforme0_.id desc limit ?
2020-08-03 10:00:05.374 DEBUG 20612 --- [https-jsse-nio-8443-exec-4] org.hibernate.SQL                        : select user0_.id as id1_1_0_, user0_.password as password2_1_0_, user0_.username as username3_1_0_ from user user0_ where user0_.id=?
2020-08-03 10:00:05.374 TRACE 20612 --- [https-jsse-nio-8443-exec-4] o.h.type.descriptor.sql.BasicBinder      : binding parameter [1] as [BIGINT] - [15]
2020-08-03 10:00:05.376 DEBUG 20612 --- [https-jsse-nio-8443-exec-4] org.hibernate.SQL                        : select count(transforme0_.id) as col_0_0_ from transformersubstations transforme0_
2020-08-03 10:00:05.732 DEBUG 20612 --- [https-jsse-nio-8443-exec-3] org.hibernate.SQL                        : select transforme0_.id as id1_0_, transforme0_.ip as ip2_0_, transforme0_.namesubs as namesubs3_0_, transforme0_.user_id as user_id5_0_, transforme0_.zone as zone4_0_ from transformersubstations transforme0_
2020-08-03 10:00:05.733 DEBUG 20612 --- [https-jsse-nio-8443-exec-3] org.hibernate.SQL                        : select user0_.id as id1_1_0_, user0_.password as password2_1_0_, user0_.username as username3_1_0_ from user user0_ where user0_.id=?
2020-08-03 10:00:05.734 TRACE 20612 --- [https-jsse-nio-8443-exec-3] o.h.type.descriptor.sql.BasicBinder      : binding parameter [1] as [BIGINT] - [15]
2020-08-03 10:00:06.132 DEBUG 20612 --- [https-jsse-nio-8443-exec-6] org.hibernate.SQL                        : select transforme0_.id as id1_0_, transforme0_.ip as ip2_0_, transforme0_.namesubs as namesubs3_0_, transforme0_.user_id as user_id5_0_, transforme0_.zone as zone4_0_ from transformersubstations transforme0_ order by transforme0_.id desc limit ?
2020-08-03 10:00:06.133 DEBUG 20612 --- [https-jsse-nio-8443-exec-6] org.hibernate.SQL                        : select user0_.id as id1_1_0_, user0_.password as password2_1_0_, user0_.username as username3_1_0_ from user user0_ where user0_.id=?
2020-08-03 10:00:06.134 TRACE 20612 --- [https-jsse-nio-8443-exec-6] o.h.type.descriptor.sql.BasicBinder      : binding parameter [1] as [BIGINT] - [15]
2020-08-03 10:00:06.135 DEBUG 20612 --- [https-jsse-nio-8443-exec-6] org.hibernate.SQL                        : select count(transforme0_.id) as col_0_0_ from transformersubstations transforme0_
2020-08-03 10:00:06.564 DEBUG 20612 --- [https-jsse-nio-8443-exec-9] org.hibernate.SQL                        : select transforme0_.id as id1_0_, transforme0_.ip as ip2_0_, transforme0_.namesubs as namesubs3_0_, transforme0_.user_id as user_id5_0_, transforme0_.zone as zone4_0_ from transformersubstations transforme0_
2020-08-03 10:00:06.566 DEBUG 20612 --- [https-jsse-nio-8443-exec-9] org.hibernate.SQL                        : select user0_.id as id1_1_0_, user0_.password as password2_1_0_, user0_.username as username3_1_0_ from user user0_ where user0_.id=?
2020-08-03 10:00:06.566 TRACE 20612 --- [https-jsse-nio-8443-exec-9] o.h.type.descriptor.sql.BasicBinder      : binding parameter [1] as [BIGINT] - [15]
2020-08-03 10:00:07.004 DEBUG 20612 --- [https-jsse-nio-8443-exec-8] org.hibernate.SQL                        : select transforme0_.id as id1_0_, transforme0_.ip as ip2_0_, transforme0_.namesubs as namesubs3_0_, transforme0_.user_id as user_id5_0_, transforme0_.zone as zone4_0_ from transformersubstations transforme0_ order by transforme0_.id desc limit ?
2020-08-03 10:00:07.005 DEBUG 20612 --- [https-jsse-nio-8443-exec-8] org.hibernate.SQL                        : select user0_.id as id1_1_0_, user0_.password as password2_1_0_, user0_.username as username3_1_0_ from user user0_ where user0_.id=?
2020-08-03 10:00:07.005 TRACE 20612 --- [https-jsse-nio-8443-exec-8] o.h.type.descriptor.sql.BasicBinder      : binding parameter [1] as [BIGINT] - [15]
2020-08-03 10:00:07.007 DEBUG 20612 --- [https-jsse-nio-8443-exec-8] org.hibernate.SQL                        : select count(transforme0_.id) as col_0_0_ from transformersubstations transforme0_
2020-08-03 10:00:07.373 DEBUG 20612 --- [https-jsse-nio-8443-exec-7] org.hibernate.SQL                        : select transforme0_.id as id1_0_, transforme0_.ip as ip2_0_, transforme0_.namesubs as namesubs3_0_, transforme0_.user_id as user_id5_0_, transforme0_.zone as zone4_0_ from transformersubstations transforme0_
2020-08-03 10:00:07.374 DEBUG 20612 --- [https-jsse-nio-8443-exec-7] org.hibernate.SQL                        : select user0_.id as id1_1_0_, user0_.password as password2_1_0_, user0_.username as username3_1_0_ from user user0_ where user0_.id=?
2020-08-03 10:00:07.375 TRACE 20612 --- [https-jsse-nio-8443-exec-7] o.h.type.descriptor.sql.BasicBinder      : binding parameter [1] as [BIGINT] - [15]
2020-08-03 10:00:07.900 DEBUG 20612 --- [https-jsse-nio-8443-exec-10] org.hibernate.SQL                        : select transforme0_.id as id1_0_, transforme0_.ip as ip2_0_, transforme0_.namesubs as namesubs3_0_, transforme0_.user_id as user_id5_0_, transforme0_.zone as zone4_0_ from transformersubstations transforme0_ order by transforme0_.id desc limit ?
2020-08-03 10:00:07.901 DEBUG 20612 --- [https-jsse-nio-8443-exec-10] org.hibernate.SQL                        : select user0_.id as id1_1_0_, user0_.password as password2_1_0_, user0_.username as username3_1_0_ from user user0_ where user0_.id=?
2020-08-03 10:00:07.902 TRACE 20612 --- [https-jsse-nio-8443-exec-10] o.h.type.descriptor.sql.BasicBinder      : binding parameter [1] as [BIGINT] - [15]
2020-08-03 10:00:07.903 DEBUG 20612 --- [https-jsse-nio-8443-exec-10] org.hibernate.SQL                        : select count(transforme0_.id) as col_0_0_ from transformersubstations transforme0_
2020-08-03 10:00:08.344 DEBUG 20612 --- [https-jsse-nio-8443-exec-5] org.hibernate.SQL                        : select transforme0_.id as id1_0_, transforme0_.ip as ip2_0_, transforme0_.namesubs as namesubs3_0_, transforme0_.user_id as user_id5_0_, transforme0_.zone as zone4_0_ from transformersubstations transforme0_
2020-08-03 10:00:08.345 DEBUG 20612 --- [https-jsse-nio-8443-exec-5] org.hibernate.SQL                        : select user0_.id as id1_1_0_, user0_.password as password2_1_0_, user0_.username as username3_1_0_ from user user0_ where user0_.id=?
2020-08-03 10:00:08.346 TRACE 20612 --- [https-jsse-nio-8443-exec-5] o.h.type.descriptor.sql.BasicBinder      : binding parameter [1] as [BIGINT] - [15]
2020-08-03 10:00:08.798 DEBUG 20612 --- [https-jsse-nio-8443-exec-1] org.hibernate.SQL                        : select transforme0_.id as id1_0_, transforme0_.ip as ip2_0_, transforme0_.namesubs as namesubs3_0_, transforme0_.user_id as user_id5_0_, transforme0_.zone as zone4_0_ from transformersubstations transforme0_ order by transforme0_.id desc limit ?
2020-08-03 10:00:08.799 DEBUG 20612 --- [https-jsse-nio-8443-exec-1] org.hibernate.SQL                        : select user0_.id as id1_1_0_, user0_.password as password2_1_0_, user0_.username as username3_1_0_ from user user0_ where user0_.id=?
2020-08-03 10:00:08.799 TRACE 20612 --- [https-jsse-nio-8443-exec-1] o.h.type.descriptor.sql.BasicBinder      : binding parameter [1] as [BIGINT] - [15]
2020-08-03 10:00:08.800 DEBUG 20612 --- [https-jsse-nio-8443-exec-1] org.hibernate.SQL                        : select count(transforme0_.id) as col_0_0_ from transformersubstations transforme0_
2020-08-03 10:00:09.180 DEBUG 20612 --- [https-jsse-nio-8443-exec-2] org.hibernate.SQL                        : select transforme0_.id as id1_0_, transforme0_.ip as ip2_0_, transforme0_.namesubs as namesubs3_0_, transforme0_.user_id as user_id5_0_, transforme0_.zone as zone4_0_ from transformersubstations transforme0_
2020-08-03 10:00:09.181 DEBUG 20612 --- [https-jsse-nio-8443-exec-2] org.hibernate.SQL                        : select user0_.id as id1_1_0_, user0_.password as password2_1_0_, user0_.username as username3_1_0_ from user user0_ where user0_.id=?
2020-08-03 10:00:09.181 TRACE 20612 --- [https-jsse-nio-8443-exec-2] o.h.type.descriptor.sql.BasicBinder      : binding parameter [1] as [BIGINT] - [15]
2020-08-03 10:18:41.448  WARN 6444 --- [restartedMain] JpaBaseConfiguration$JpaWebConfiguration : spring.jpa.open-in-view is enabled by default. Therefore, database queries may be performed during view rendering. Explicitly configure spring.jpa.open-in-view to disable this warning
2020-08-03 10:19:07.537 DEBUG 6444 --- [https-jsse-nio-8443-exec-1] org.hibernate.SQL                        : select transforme0_.id as id1_0_, transforme0_.ip as ip2_0_, transforme0_.namesubs as namesubs3_0_, transforme0_.user_id as user_id5_0_, transforme0_.zone as zone4_0_ from transformersubstations transforme0_
2020-08-03 10:19:07.550 DEBUG 6444 --- [https-jsse-nio-8443-exec-1] org.hibernate.SQL                        : select user0_.id as id1_1_0_, user0_.password as password2_1_0_, user0_.username as username3_1_0_ from user user0_ where user0_.id=?
2020-08-03 10:19:07.552 TRACE 6444 --- [https-jsse-nio-8443-exec-1] o.h.type.descriptor.sql.BasicBinder      : binding parameter [1] as [BIGINT] - [15]
2020-08-03 10:19:07.830 DEBUG 6444 --- [https-jsse-nio-8443-exec-2] org.hibernate.SQL                        : select transforme0_.id as id1_0_, transforme0_.ip as ip2_0_, transforme0_.namesubs as namesubs3_0_, transforme0_.user_id as user_id5_0_, transforme0_.zone as zone4_0_ from transformersubstations transforme0_ order by transforme0_.id desc limit ?
2020-08-03 10:19:07.832 DEBUG 6444 --- [https-jsse-nio-8443-exec-2] org.hibernate.SQL                        : select user0_.id as id1_1_0_, user0_.password as password2_1_0_, user0_.username as username3_1_0_ from user user0_ where user0_.id=?
2020-08-03 10:19:07.832 TRACE 6444 --- [https-jsse-nio-8443-exec-2] o.h.type.descriptor.sql.BasicBinder      : binding parameter [1] as [BIGINT] - [15]
2020-08-03 10:19:07.840 DEBUG 6444 --- [https-jsse-nio-8443-exec-2] org.hibernate.SQL                        : select count(transforme0_.id) as col_0_0_ from transformersubstations transforme0_
2020-08-03 10:19:08.517 DEBUG 6444 --- [https-jsse-nio-8443-exec-3] org.hibernate.SQL                        : select transforme0_.id as id1_0_, transforme0_.ip as ip2_0_, transforme0_.namesubs as namesubs3_0_, transforme0_.user_id as user_id5_0_, transforme0_.zone as zone4_0_ from transformersubstations transforme0_
2020-08-03 10:19:08.519 DEBUG 6444 --- [https-jsse-nio-8443-exec-3] org.hibernate.SQL                        : select user0_.id as id1_1_0_, user0_.password as password2_1_0_, user0_.username as username3_1_0_ from user user0_ where user0_.id=?
2020-08-03 10:19:08.520 TRACE 6444 --- [https-jsse-nio-8443-exec-3] o.h.type.descriptor.sql.BasicBinder      : binding parameter [1] as [BIGINT] - [15]
2020-08-03 10:19:09.820 DEBUG 6444 --- [https-jsse-nio-8443-exec-4] org.hibernate.SQL                        : select transforme0_.id as id1_0_, transforme0_.ip as ip2_0_, transforme0_.namesubs as namesubs3_0_, transforme0_.user_id as user_id5_0_, transforme0_.zone as zone4_0_ from transformersubstations transforme0_ order by transforme0_.id desc limit ?
2020-08-03 10:19:09.823 DEBUG 6444 --- [https-jsse-nio-8443-exec-4] org.hibernate.SQL                        : select user0_.id as id1_1_0_, user0_.password as password2_1_0_, user0_.username as username3_1_0_ from user user0_ where user0_.id=?
2020-08-03 10:19:09.823 TRACE 6444 --- [https-jsse-nio-8443-exec-4] o.h.type.descriptor.sql.BasicBinder      : binding parameter [1] as [BIGINT] - [15]
2020-08-03 10:19:09.825 DEBUG 6444 --- [https-jsse-nio-8443-exec-4] org.hibernate.SQL                        : select count(transforme0_.id) as col_0_0_ from transformersubstations transforme0_
2020-08-03 10:19:10.493 DEBUG 6444 --- [https-jsse-nio-8443-exec-6] org.hibernate.SQL                        : select transforme0_.id as id1_0_, transforme0_.ip as ip2_0_, transforme0_.namesubs as namesubs3_0_, transforme0_.user_id as user_id5_0_, transforme0_.zone as zone4_0_ from transformersubstations transforme0_
2020-08-03 10:19:10.494 DEBUG 6444 --- [https-jsse-nio-8443-exec-6] org.hibernate.SQL                        : select user0_.id as id1_1_0_, user0_.password as password2_1_0_, user0_.username as username3_1_0_ from user user0_ where user0_.id=?
2020-08-03 10:19:10.495 TRACE 6444 --- [https-jsse-nio-8443-exec-6] o.h.type.descriptor.sql.BasicBinder      : binding parameter [1] as [BIGINT] - [15]
2020-08-03 10:19:15.806 DEBUG 6444 --- [https-jsse-nio-8443-exec-7] org.hibernate.SQL                        : select transforme0_.id as id1_0_0_, transforme0_.ip as ip2_0_0_, transforme0_.namesubs as namesubs3_0_0_, transforme0_.user_id as user_id5_0_0_, transforme0_.zone as zone4_0_0_, user1_.id as id1_1_1_, user1_.password as password2_1_1_, user1_.username as username3_1_1_ from transformersubstations transforme0_ left outer join user user1_ on transforme0_.user_id=user1_.id where transforme0_.id=?
2020-08-03 10:19:15.807 TRACE 6444 --- [https-jsse-nio-8443-exec-7] o.h.type.descriptor.sql.BasicBinder      : binding parameter [1] as [INTEGER] - [1]
2020-08-03 10:19:18.792 DEBUG 6444 --- [https-jsse-nio-8443-exec-8] org.hibernate.SQL                        : select transforme0_.id as id1_0_0_, transforme0_.ip as ip2_0_0_, transforme0_.namesubs as namesubs3_0_0_, transforme0_.user_id as user_id5_0_0_, transforme0_.zone as zone4_0_0_, user1_.id as id1_1_1_, user1_.password as password2_1_1_, user1_.username as username3_1_1_ from transformersubstations transforme0_ left outer join user user1_ on transforme0_.user_id=user1_.id where transforme0_.id=?
2020-08-03 10:19:18.793 TRACE 6444 --- [https-jsse-nio-8443-exec-8] o.h.type.descriptor.sql.BasicBinder      : binding parameter [1] as [INTEGER] - [2]
2020-08-03 10:19:28.374 DEBUG 6444 --- [https-jsse-nio-8443-exec-9] org.hibernate.SQL                        : select transforme0_.id as id1_0_, transforme0_.ip as ip2_0_, transforme0_.namesubs as namesubs3_0_, transforme0_.user_id as user_id5_0_, transforme0_.zone as zone4_0_ from transformersubstations transforme0_
2020-08-03 10:19:28.375 DEBUG 6444 --- [https-jsse-nio-8443-exec-9] org.hibernate.SQL                        : select user0_.id as id1_1_0_, user0_.password as password2_1_0_, user0_.username as username3_1_0_ from user user0_ where user0_.id=?
2020-08-03 10:19:28.376 TRACE 6444 --- [https-jsse-nio-8443-exec-9] o.h.type.descriptor.sql.BasicBinder      : binding parameter [1] as [BIGINT] - [15]
2020-08-03 10:19:28.933 DEBUG 6444 --- [https-jsse-nio-8443-exec-10] org.hibernate.SQL                        : select transforme0_.id as id1_0_, transforme0_.ip as ip2_0_, transforme0_.namesubs as namesubs3_0_, transforme0_.user_id as user_id5_0_, transforme0_.zone as zone4_0_ from transformersubstations transforme0_ order by transforme0_.id desc limit ?
2020-08-03 10:19:28.935 DEBUG 6444 --- [https-jsse-nio-8443-exec-10] org.hibernate.SQL                        : select user0_.id as id1_1_0_, user0_.password as password2_1_0_, user0_.username as username3_1_0_ from user user0_ where user0_.id=?
2020-08-03 10:19:28.935 TRACE 6444 --- [https-jsse-nio-8443-exec-10] o.h.type.descriptor.sql.BasicBinder      : binding parameter [1] as [BIGINT] - [15]
2020-08-03 10:19:28.937 DEBUG 6444 --- [https-jsse-nio-8443-exec-10] org.hibernate.SQL                        : select count(transforme0_.id) as col_0_0_ from transformersubstations transforme0_
2020-08-03 10:19:29.609 DEBUG 6444 --- [https-jsse-nio-8443-exec-5] org.hibernate.SQL                        : select transforme0_.id as id1_0_, transforme0_.ip as ip2_0_, transforme0_.namesubs as namesubs3_0_, transforme0_.user_id as user_id5_0_, transforme0_.zone as zone4_0_ from transformersubstations transforme0_
2020-08-03 10:19:29.611 DEBUG 6444 --- [https-jsse-nio-8443-exec-5] org.hibernate.SQL                        : select user0_.id as id1_1_0_, user0_.password as password2_1_0_, user0_.username as username3_1_0_ from user user0_ where user0_.id=?
2020-08-03 10:19:29.611 TRACE 6444 --- [https-jsse-nio-8443-exec-5] o.h.type.descriptor.sql.BasicBinder      : binding parameter [1] as [BIGINT] - [15]
2020-08-03 10:19:30.097 DEBUG 6444 --- [https-jsse-nio-8443-exec-1] org.hibernate.SQL                        : select transforme0_.id as id1_0_, transforme0_.ip as ip2_0_, transforme0_.namesubs as namesubs3_0_, transforme0_.user_id as user_id5_0_, transforme0_.zone as zone4_0_ from transformersubstations transforme0_ order by transforme0_.id desc limit ?
2020-08-03 10:19:30.098 DEBUG 6444 --- [https-jsse-nio-8443-exec-1] org.hibernate.SQL                        : select user0_.id as id1_1_0_, user0_.password as password2_1_0_, user0_.username as username3_1_0_ from user user0_ where user0_.id=?
2020-08-03 10:19:30.098 TRACE 6444 --- [https-jsse-nio-8443-exec-1] o.h.type.descriptor.sql.BasicBinder      : binding parameter [1] as [BIGINT] - [15]
2020-08-03 10:19:30.099 DEBUG 6444 --- [https-jsse-nio-8443-exec-1] org.hibernate.SQL                        : select count(transforme0_.id) as col_0_0_ from transformersubstations transforme0_
2020-08-03 10:23:24.309 DEBUG 6444 --- [https-jsse-nio-8443-exec-3] org.hibernate.SQL                        : select transforme0_.id as id1_0_0_, transforme0_.ip as ip2_0_0_, transforme0_.namesubs as namesubs3_0_0_, transforme0_.user_id as user_id5_0_0_, transforme0_.zone as zone4_0_0_, user1_.id as id1_1_1_, user1_.password as password2_1_1_, user1_.username as username3_1_1_ from transformersubstations transforme0_ left outer join user user1_ on transforme0_.user_id=user1_.id where transforme0_.id=?
2020-08-03 10:23:24.310 TRACE 6444 --- [https-jsse-nio-8443-exec-3] o.h.type.descriptor.sql.BasicBinder      : binding parameter [1] as [INTEGER] - [1]
2020-08-03 16:29:22.849 DEBUG 6444 --- [https-jsse-nio-8443-exec-6] org.hibernate.SQL                        : select transforme0_.id as id1_0_, transforme0_.ip as ip2_0_, transforme0_.namesubs as namesubs3_0_, transforme0_.user_id as user_id5_0_, transforme0_.zone as zone4_0_ from transformersubstations transforme0_
2020-08-03 16:29:22.852 DEBUG 6444 --- [https-jsse-nio-8443-exec-6] org.hibernate.SQL                        : select user0_.id as id1_1_0_, user0_.password as password2_1_0_, user0_.username as username3_1_0_ from user user0_ where user0_.id=?
2020-08-03 16:29:22.852 TRACE 6444 --- [https-jsse-nio-8443-exec-6] o.h.type.descriptor.sql.BasicBinder      : binding parameter [1] as [BIGINT] - [15]
2020-08-03 16:29:23.344 DEBUG 6444 --- [https-jsse-nio-8443-exec-7] org.hibernate.SQL                        : select transforme0_.id as id1_0_, transforme0_.ip as ip2_0_, transforme0_.namesubs as namesubs3_0_, transforme0_.user_id as user_id5_0_, transforme0_.zone as zone4_0_ from transformersubstations transforme0_ order by transforme0_.id desc limit ?
2020-08-03 16:29:23.345 DEBUG 6444 --- [https-jsse-nio-8443-exec-7] org.hibernate.SQL                        : select user0_.id as id1_1_0_, user0_.password as password2_1_0_, user0_.username as username3_1_0_ from user user0_ where user0_.id=?
2020-08-03 16:29:23.345 TRACE 6444 --- [https-jsse-nio-8443-exec-7] o.h.type.descriptor.sql.BasicBinder      : binding parameter [1] as [BIGINT] - [15]
2020-08-03 16:29:23.347 DEBUG 6444 --- [https-jsse-nio-8443-exec-7] org.hibernate.SQL                        : select count(transforme0_.id) as col_0_0_ from transformersubstations transforme0_
2020-08-03 16:29:24.364 DEBUG 6444 --- [https-jsse-nio-8443-exec-8] org.hibernate.SQL                        : select transforme0_.id as id1_0_, transforme0_.ip as ip2_0_, transforme0_.namesubs as namesubs3_0_, transforme0_.user_id as user_id5_0_, transforme0_.zone as zone4_0_ from transformersubstations transforme0_
2020-08-03 16:29:24.365 DEBUG 6444 --- [https-jsse-nio-8443-exec-8] org.hibernate.SQL                        : select user0_.id as id1_1_0_, user0_.password as password2_1_0_, user0_.username as username3_1_0_ from user user0_ where user0_.id=?
2020-08-03 16:29:24.365 TRACE 6444 --- [https-jsse-nio-8443-exec-8] o.h.type.descriptor.sql.BasicBinder      : binding parameter [1] as [BIGINT] - [15]
2020-08-03 16:29:24.773 DEBUG 6444 --- [https-jsse-nio-8443-exec-9] org.hibernate.SQL                        : select transforme0_.id as id1_0_, transforme0_.ip as ip2_0_, transforme0_.namesubs as namesubs3_0_, transforme0_.user_id as user_id5_0_, transforme0_.zone as zone4_0_ from transformersubstations transforme0_ order by transforme0_.id desc limit ?
2020-08-03 16:29:24.774 DEBUG 6444 --- [https-jsse-nio-8443-exec-9] org.hibernate.SQL                        : select user0_.id as id1_1_0_, user0_.password as password2_1_0_, user0_.username as username3_1_0_ from user user0_ where user0_.id=?
2020-08-03 16:29:24.775 TRACE 6444 --- [https-jsse-nio-8443-exec-9] o.h.type.descriptor.sql.BasicBinder      : binding parameter [1] as [BIGINT] - [15]
2020-08-03 16:29:24.776 DEBUG 6444 --- [https-jsse-nio-8443-exec-9] org.hibernate.SQL                        : select count(transforme0_.id) as col_0_0_ from transformersubstations transforme0_
2020-08-03 16:29:25.173 DEBUG 6444 --- [https-jsse-nio-8443-exec-10] org.hibernate.SQL                        : select transforme0_.id as id1_0_, transforme0_.ip as ip2_0_, transforme0_.namesubs as namesubs3_0_, transforme0_.user_id as user_id5_0_, transforme0_.zone as zone4_0_ from transformersubstations transforme0_
2020-08-03 16:29:25.174 DEBUG 6444 --- [https-jsse-nio-8443-exec-10] org.hibernate.SQL                        : select user0_.id as id1_1_0_, user0_.password as password2_1_0_, user0_.username as username3_1_0_ from user user0_ where user0_.id=?
2020-08-03 16:29:25.174 TRACE 6444 --- [https-jsse-nio-8443-exec-10] o.h.type.descriptor.sql.BasicBinder      : binding parameter [1] as [BIGINT] - [15]
2020-08-03 16:29:25.637 DEBUG 6444 --- [https-jsse-nio-8443-exec-5] org.hibernate.SQL                        : select transforme0_.id as id1_0_, transforme0_.ip as ip2_0_, transforme0_.namesubs as namesubs3_0_, transforme0_.user_id as user_id5_0_, transforme0_.zone as zone4_0_ from transformersubstations transforme0_ order by transforme0_.id desc limit ?
2020-08-03 16:29:25.638 DEBUG 6444 --- [https-jsse-nio-8443-exec-5] org.hibernate.SQL                        : select user0_.id as id1_1_0_, user0_.password as password2_1_0_, user0_.username as username3_1_0_ from user user0_ where user0_.id=?
2020-08-03 16:29:25.639 TRACE 6444 --- [https-jsse-nio-8443-exec-5] o.h.type.descriptor.sql.BasicBinder      : binding parameter [1] as [BIGINT] - [15]
2020-08-03 16:29:25.640 DEBUG 6444 --- [https-jsse-nio-8443-exec-5] org.hibernate.SQL                        : select count(transforme0_.id) as col_0_0_ from transformersubstations transforme0_
2020-08-03 16:29:26.070 DEBUG 6444 --- [https-jsse-nio-8443-exec-1] org.hibernate.SQL                        : select transforme0_.id as id1_0_, transforme0_.ip as ip2_0_, transforme0_.namesubs as namesubs3_0_, transforme0_.user_id as user_id5_0_, transforme0_.zone as zone4_0_ from transformersubstations transforme0_
2020-08-03 16:29:26.071 DEBUG 6444 --- [https-jsse-nio-8443-exec-1] org.hibernate.SQL                        : select user0_.id as id1_1_0_, user0_.password as password2_1_0_, user0_.username as username3_1_0_ from user user0_ where user0_.id=?
2020-08-03 16:29:26.071 TRACE 6444 --- [https-jsse-nio-8443-exec-1] o.h.type.descriptor.sql.BasicBinder      : binding parameter [1] as [BIGINT] - [15]
2020-08-03 16:29:26.763 DEBUG 6444 --- [https-jsse-nio-8443-exec-2] org.hibernate.SQL                        : select transforme0_.id as id1_0_, transforme0_.ip as ip2_0_, transforme0_.namesubs as namesubs3_0_, transforme0_.user_id as user_id5_0_, transforme0_.zone as zone4_0_ from transformersubstations transforme0_ order by transforme0_.id desc limit ?
2020-08-03 16:29:26.764 DEBUG 6444 --- [https-jsse-nio-8443-exec-2] org.hibernate.SQL                        : select user0_.id as id1_1_0_, user0_.password as password2_1_0_, user0_.username as username3_1_0_ from user user0_ where user0_.id=?
2020-08-03 16:29:26.764 TRACE 6444 --- [https-jsse-nio-8443-exec-2] o.h.type.descriptor.sql.BasicBinder      : binding parameter [1] as [BIGINT] - [15]
2020-08-03 16:29:26.766 DEBUG 6444 --- [https-jsse-nio-8443-exec-2] org.hibernate.SQL                        : select count(transforme0_.id) as col_0_0_ from transformersubstations transforme0_
2020-08-03 16:29:27.173 DEBUG 6444 --- [https-jsse-nio-8443-exec-3] org.hibernate.SQL                        : select transforme0_.id as id1_0_, transforme0_.ip as ip2_0_, transforme0_.namesubs as namesubs3_0_, transforme0_.user_id as user_id5_0_, transforme0_.zone as zone4_0_ from transformersubstations transforme0_
2020-08-03 16:29:27.174 DEBUG 6444 --- [https-jsse-nio-8443-exec-3] org.hibernate.SQL                        : select user0_.id as id1_1_0_, user0_.password as password2_1_0_, user0_.username as username3_1_0_ from user user0_ where user0_.id=?
2020-08-03 16:29:27.174 TRACE 6444 --- [https-jsse-nio-8443-exec-3] o.h.type.descriptor.sql.BasicBinder      : binding parameter [1] as [BIGINT] - [15]
2020-08-03 16:30:04.261 DEBUG 6444 --- [https-jsse-nio-8443-exec-4] org.hibernate.SQL                        : select transforme0_.id as id1_0_0_, transforme0_.ip as ip2_0_0_, transforme0_.namesubs as namesubs3_0_0_, transforme0_.user_id as user_id5_0_0_, transforme0_.zone as zone4_0_0_, user1_.id as id1_1_1_, user1_.password as password2_1_1_, user1_.username as username3_1_1_ from transformersubstations transforme0_ left outer join user user1_ on transforme0_.user_id=user1_.id where transforme0_.id=?
2020-08-03 16:30:04.262 TRACE 6444 --- [https-jsse-nio-8443-exec-4] o.h.type.descriptor.sql.BasicBinder      : binding parameter [1] as [INTEGER] - [4]
2020-08-03 16:30:18.179 DEBUG 6444 --- [https-jsse-nio-8443-exec-6] org.hibernate.SQL                        : select transforme0_.id as id1_0_, transforme0_.ip as ip2_0_, transforme0_.namesubs as namesubs3_0_, transforme0_.user_id as user_id5_0_, transforme0_.zone as zone4_0_ from transformersubstations transforme0_
2020-08-03 16:30:18.181 DEBUG 6444 --- [https-jsse-nio-8443-exec-6] org.hibernate.SQL                        : select user0_.id as id1_1_0_, user0_.password as password2_1_0_, user0_.username as username3_1_0_ from user user0_ where user0_.id=?
2020-08-03 16:30:18.181 TRACE 6444 --- [https-jsse-nio-8443-exec-6] o.h.type.descriptor.sql.BasicBinder      : binding parameter [1] as [BIGINT] - [15]
2020-08-03 16:30:18.652 DEBUG 6444 --- [https-jsse-nio-8443-exec-7] org.hibernate.SQL                        : select transforme0_.id as id1_0_, transforme0_.ip as ip2_0_, transforme0_.namesubs as namesubs3_0_, transforme0_.user_id as user_id5_0_, transforme0_.zone as zone4_0_ from transformersubstations transforme0_ order by transforme0_.id desc limit ?
2020-08-03 16:30:18.653 DEBUG 6444 --- [https-jsse-nio-8443-exec-7] org.hibernate.SQL                        : select user0_.id as id1_1_0_, user0_.password as password2_1_0_, user0_.username as username3_1_0_ from user user0_ where user0_.id=?
2020-08-03 16:30:18.653 TRACE 6444 --- [https-jsse-nio-8443-exec-7] o.h.type.descriptor.sql.BasicBinder      : binding parameter [1] as [BIGINT] - [15]
2020-08-03 16:30:18.666 DEBUG 6444 --- [https-jsse-nio-8443-exec-7] org.hibernate.SQL                        : select count(transforme0_.id) as col_0_0_ from transformersubstations transforme0_
2020-08-03 16:30:19.931 DEBUG 6444 --- [https-jsse-nio-8443-exec-8] org.hibernate.SQL                        : select transforme0_.id as id1_0_0_, transforme0_.ip as ip2_0_0_, transforme0_.namesubs as namesubs3_0_0_, transforme0_.user_id as user_id5_0_0_, transforme0_.zone as zone4_0_0_, user1_.id as id1_1_1_, user1_.password as password2_1_1_, user1_.username as username3_1_1_ from transformersubstations transforme0_ left outer join user user1_ on transforme0_.user_id=user1_.id where transforme0_.id=?
2020-08-03 16:30:19.931 TRACE 6444 --- [https-jsse-nio-8443-exec-8] o.h.type.descriptor.sql.BasicBinder      : binding parameter [1] as [INTEGER] - [2]
2020-08-03 16:30:22.531 DEBUG 6444 --- [https-jsse-nio-8443-exec-9] org.hibernate.SQL                        : select transforme0_.id as id1_0_, transforme0_.ip as ip2_0_, transforme0_.namesubs as namesubs3_0_, transforme0_.user_id as user_id5_0_, transforme0_.zone as zone4_0_ from transformersubstations transforme0_
2020-08-03 16:30:22.532 DEBUG 6444 --- [https-jsse-nio-8443-exec-9] org.hibernate.SQL                        : select user0_.id as id1_1_0_, user0_.password as password2_1_0_, user0_.username as username3_1_0_ from user user0_ where user0_.id=?
2020-08-03 16:30:22.532 TRACE 6444 --- [https-jsse-nio-8443-exec-9] o.h.type.descriptor.sql.BasicBinder      : binding parameter [1] as [BIGINT] - [15]
2020-08-03 16:30:22.950 DEBUG 6444 --- [https-jsse-nio-8443-exec-10] org.hibernate.SQL                        : select transforme0_.id as id1_0_, transforme0_.ip as ip2_0_, transforme0_.namesubs as namesubs3_0_, transforme0_.user_id as user_id5_0_, transforme0_.zone as zone4_0_ from transformersubstations transforme0_ order by transforme0_.id desc limit ?
2020-08-03 16:30:22.951 DEBUG 6444 --- [https-jsse-nio-8443-exec-10] org.hibernate.SQL                        : select user0_.id as id1_1_0_, user0_.password as password2_1_0_, user0_.username as username3_1_0_ from user user0_ where user0_.id=?
2020-08-03 16:30:22.951 TRACE 6444 --- [https-jsse-nio-8443-exec-10] o.h.type.descriptor.sql.BasicBinder      : binding parameter [1] as [BIGINT] - [15]
2020-08-03 16:30:22.953 DEBUG 6444 --- [https-jsse-nio-8443-exec-10] org.hibernate.SQL                        : select count(transforme0_.id) as col_0_0_ from transformersubstations transforme0_
2020-08-03 16:30:24.011 DEBUG 6444 --- [https-jsse-nio-8443-exec-5] org.hibernate.SQL                        : select transforme0_.id as id1_0_0_, transforme0_.ip as ip2_0_0_, transforme0_.namesubs as namesubs3_0_0_, transforme0_.user_id as user_id5_0_0_, transforme0_.zone as zone4_0_0_, user1_.id as id1_1_1_, user1_.password as password2_1_1_, user1_.username as username3_1_1_ from transformersubstations transforme0_ left outer join user user1_ on transforme0_.user_id=user1_.id where transforme0_.id=?
2020-08-03 16:30:24.011 TRACE 6444 --- [https-jsse-nio-8443-exec-5] o.h.type.descriptor.sql.BasicBinder      : binding parameter [1] as [INTEGER] - [1]
2020-08-03 16:30:27.536 DEBUG 6444 --- [https-jsse-nio-8443-exec-1] org.hibernate.SQL                        : select transforme0_.id as id1_0_, transforme0_.ip as ip2_0_, transforme0_.namesubs as namesubs3_0_, transforme0_.user_id as user_id5_0_, transforme0_.zone as zone4_0_ from transformersubstations transforme0_
2020-08-03 16:30:27.537 DEBUG 6444 --- [https-jsse-nio-8443-exec-1] org.hibernate.SQL                        : select user0_.id as id1_1_0_, user0_.password as password2_1_0_, user0_.username as username3_1_0_ from user user0_ where user0_.id=?
2020-08-03 16:30:27.537 TRACE 6444 --- [https-jsse-nio-8443-exec-1] o.h.type.descriptor.sql.BasicBinder      : binding parameter [1] as [BIGINT] - [15]
2020-08-03 16:30:28.330 DEBUG 6444 --- [https-jsse-nio-8443-exec-2] org.hibernate.SQL                        : select transforme0_.id as id1_0_0_, transforme0_.ip as ip2_0_0_, transforme0_.namesubs as namesubs3_0_0_, transforme0_.user_id as user_id5_0_0_, transforme0_.zone as zone4_0_0_, user1_.id as id1_1_1_, user1_.password as password2_1_1_, user1_.username as username3_1_1_ from transformersubstations transforme0_ left outer join user user1_ on transforme0_.user_id=user1_.id where transforme0_.id=?
2020-08-03 16:30:28.330 TRACE 6444 --- [https-jsse-nio-8443-exec-2] o.h.type.descriptor.sql.BasicBinder      : binding parameter [1] as [INTEGER] - [2]
2020-08-03 16:30:29.562 DEBUG 6444 --- [https-jsse-nio-8443-exec-3] org.hibernate.SQL                        : select transforme0_.id as id1_0_, transforme0_.ip as ip2_0_, transforme0_.namesubs as namesubs3_0_, transforme0_.user_id as user_id5_0_, transforme0_.zone as zone4_0_ from transformersubstations transforme0_ order by transforme0_.id desc limit ?
2020-08-03 16:30:29.564 DEBUG 6444 --- [https-jsse-nio-8443-exec-3] org.hibernate.SQL                        : select user0_.id as id1_1_0_, user0_.password as password2_1_0_, user0_.username as username3_1_0_ from user user0_ where user0_.id=?
2020-08-03 16:30:29.565 TRACE 6444 --- [https-jsse-nio-8443-exec-3] o.h.type.descriptor.sql.BasicBinder      : binding parameter [1] as [BIGINT] - [15]
2020-08-03 16:30:29.566 DEBUG 6444 --- [https-jsse-nio-8443-exec-3] org.hibernate.SQL                        : select count(transforme0_.id) as col_0_0_ from transformersubstations transforme0_
2020-08-03 16:30:33.298 DEBUG 6444 --- [https-jsse-nio-8443-exec-4] org.hibernate.SQL                        : select transforme0_.id as id1_0_, transforme0_.ip as ip2_0_, transforme0_.namesubs as namesubs3_0_, transforme0_.user_id as user_id5_0_, transforme0_.zone as zone4_0_ from transformersubstations transforme0_
2020-08-03 16:30:33.299 DEBUG 6444 --- [https-jsse-nio-8443-exec-4] org.hibernate.SQL                        : select user0_.id as id1_1_0_, user0_.password as password2_1_0_, user0_.username as username3_1_0_ from user user0_ where user0_.id=?
2020-08-03 16:30:33.299 TRACE 6444 --- [https-jsse-nio-8443-exec-4] o.h.type.descriptor.sql.BasicBinder      : binding parameter [1] as [BIGINT] - [15]
2020-08-03 16:30:34.154 DEBUG 6444 --- [https-jsse-nio-8443-exec-6] org.hibernate.SQL                        : select transforme0_.id as id1_0_, transforme0_.ip as ip2_0_, transforme0_.namesubs as namesubs3_0_, transforme0_.user_id as user_id5_0_, transforme0_.zone as zone4_0_ from transformersubstations transforme0_ order by transforme0_.id desc limit ?
2020-08-03 16:30:34.155 DEBUG 6444 --- [https-jsse-nio-8443-exec-6] org.hibernate.SQL                        : select user0_.id as id1_1_0_, user0_.password as password2_1_0_, user0_.username as username3_1_0_ from user user0_ where user0_.id=?
2020-08-03 16:30:34.156 TRACE 6444 --- [https-jsse-nio-8443-exec-6] o.h.type.descriptor.sql.BasicBinder      : binding parameter [1] as [BIGINT] - [15]
2020-08-03 16:30:34.157 DEBUG 6444 --- [https-jsse-nio-8443-exec-6] org.hibernate.SQL                        : select count(transforme0_.id) as col_0_0_ from transformersubstations transforme0_
2020-08-03 16:30:34.686 DEBUG 6444 --- [https-jsse-nio-8443-exec-7] org.hibernate.SQL                        : select transforme0_.id as id1_0_, transforme0_.ip as ip2_0_, transforme0_.namesubs as namesubs3_0_, transforme0_.user_id as user_id5_0_, transforme0_.zone as zone4_0_ from transformersubstations transforme0_
2020-08-03 16:30:34.687 DEBUG 6444 --- [https-jsse-nio-8443-exec-7] org.hibernate.SQL                        : select user0_.id as id1_1_0_, user0_.password as password2_1_0_, user0_.username as username3_1_0_ from user user0_ where user0_.id=?
2020-08-03 16:30:34.687 TRACE 6444 --- [https-jsse-nio-8443-exec-7] o.h.type.descriptor.sql.BasicBinder      : binding parameter [1] as [BIGINT] - [15]
2020-08-03 16:30:35.190 DEBUG 6444 --- [https-jsse-nio-8443-exec-8] org.hibernate.SQL                        : select transforme0_.id as id1_0_, transforme0_.ip as ip2_0_, transforme0_.namesubs as namesubs3_0_, transforme0_.user_id as user_id5_0_, transforme0_.zone as zone4_0_ from transformersubstations transforme0_ order by transforme0_.id desc limit ?
2020-08-03 16:30:35.191 DEBUG 6444 --- [https-jsse-nio-8443-exec-8] org.hibernate.SQL                        : select user0_.id as id1_1_0_, user0_.password as password2_1_0_, user0_.username as username3_1_0_ from user user0_ where user0_.id=?
2020-08-03 16:30:35.191 TRACE 6444 --- [https-jsse-nio-8443-exec-8] o.h.type.descriptor.sql.BasicBinder      : binding parameter [1] as [BIGINT] - [15]
2020-08-03 16:30:35.192 DEBUG 6444 --- [https-jsse-nio-8443-exec-8] org.hibernate.SQL                        : select count(transforme0_.id) as col_0_0_ from transformersubstations transforme0_
2020-08-03 16:30:35.607 DEBUG 6444 --- [https-jsse-nio-8443-exec-9] org.hibernate.SQL                        : select transforme0_.id as id1_0_, transforme0_.ip as ip2_0_, transforme0_.namesubs as namesubs3_0_, transforme0_.user_id as user_id5_0_, transforme0_.zone as zone4_0_ from transformersubstations transforme0_
2020-08-03 16:30:35.608 DEBUG 6444 --- [https-jsse-nio-8443-exec-9] org.hibernate.SQL                        : select user0_.id as id1_1_0_, user0_.password as password2_1_0_, user0_.username as username3_1_0_ from user user0_ where user0_.id=?
2020-08-03 16:30:35.608 TRACE 6444 --- [https-jsse-nio-8443-exec-9] o.h.type.descriptor.sql.BasicBinder      : binding parameter [1] as [BIGINT] - [15]
2020-08-03 16:30:36.002 DEBUG 6444 --- [https-jsse-nio-8443-exec-10] org.hibernate.SQL                        : select transforme0_.id as id1_0_, transforme0_.ip as ip2_0_, transforme0_.namesubs as namesubs3_0_, transforme0_.user_id as user_id5_0_, transforme0_.zone as zone4_0_ from transformersubstations transforme0_ order by transforme0_.id desc limit ?
2020-08-03 16:30:36.003 DEBUG 6444 --- [https-jsse-nio-8443-exec-10] org.hibernate.SQL                        : select user0_.id as id1_1_0_, user0_.password as password2_1_0_, user0_.username as username3_1_0_ from user user0_ where user0_.id=?
2020-08-03 16:30:36.003 TRACE 6444 --- [https-jsse-nio-8443-exec-10] o.h.type.descriptor.sql.BasicBinder      : binding parameter [1] as [BIGINT] - [15]
2020-08-03 16:30:36.004 DEBUG 6444 --- [https-jsse-nio-8443-exec-10] org.hibernate.SQL                        : select count(transforme0_.id) as col_0_0_ from transformersubstations transforme0_
2020-08-03 16:30:36.373 DEBUG 6444 --- [https-jsse-nio-8443-exec-5] org.hibernate.SQL                        : select transforme0_.id as id1_0_, transforme0_.ip as ip2_0_, transforme0_.namesubs as namesubs3_0_, transforme0_.user_id as user_id5_0_, transforme0_.zone as zone4_0_ from transformersubstations transforme0_
2020-08-03 16:30:36.374 DEBUG 6444 --- [https-jsse-nio-8443-exec-5] org.hibernate.SQL                        : select user0_.id as id1_1_0_, user0_.password as password2_1_0_, user0_.username as username3_1_0_ from user user0_ where user0_.id=?
2020-08-03 16:30:36.374 TRACE 6444 --- [https-jsse-nio-8443-exec-5] o.h.type.descriptor.sql.BasicBinder      : binding parameter [1] as [BIGINT] - [15]
2020-08-03 16:30:36.786 DEBUG 6444 --- [https-jsse-nio-8443-exec-1] org.hibernate.SQL                        : select transforme0_.id as id1_0_, transforme0_.ip as ip2_0_, transforme0_.namesubs as namesubs3_0_, transforme0_.user_id as user_id5_0_, transforme0_.zone as zone4_0_ from transformersubstations transforme0_ order by transforme0_.id desc limit ?
2020-08-03 16:30:36.787 DEBUG 6444 --- [https-jsse-nio-8443-exec-1] org.hibernate.SQL                        : select user0_.id as id1_1_0_, user0_.password as password2_1_0_, user0_.username as username3_1_0_ from user user0_ where user0_.id=?
2020-08-03 16:30:36.787 TRACE 6444 --- [https-jsse-nio-8443-exec-1] o.h.type.descriptor.sql.BasicBinder      : binding parameter [1] as [BIGINT] - [15]
2020-08-03 16:30:36.788 DEBUG 6444 --- [https-jsse-nio-8443-exec-1] org.hibernate.SQL                        : select count(transforme0_.id) as col_0_0_ from transformersubstations transforme0_
2020-08-03 16:30:37.125 DEBUG 6444 --- [https-jsse-nio-8443-exec-2] org.hibernate.SQL                        : select transforme0_.id as id1_0_, transforme0_.ip as ip2_0_, transforme0_.namesubs as namesubs3_0_, transforme0_.user_id as user_id5_0_, transforme0_.zone as zone4_0_ from transformersubstations transforme0_
2020-08-03 16:30:37.126 DEBUG 6444 --- [https-jsse-nio-8443-exec-2] org.hibernate.SQL                        : select user0_.id as id1_1_0_, user0_.password as password2_1_0_, user0_.username as username3_1_0_ from user user0_ where user0_.id=?
2020-08-03 16:30:37.127 TRACE 6444 --- [https-jsse-nio-8443-exec-2] o.h.type.descriptor.sql.BasicBinder      : binding parameter [1] as [BIGINT] - [15]
2020-08-03 16:30:37.653 DEBUG 6444 --- [https-jsse-nio-8443-exec-3] org.hibernate.SQL                        : select transforme0_.id as id1_0_, transforme0_.ip as ip2_0_, transforme0_.namesubs as namesubs3_0_, transforme0_.user_id as user_id5_0_, transforme0_.zone as zone4_0_ from transformersubstations transforme0_ order by transforme0_.id desc limit ?
2020-08-03 16:30:37.654 DEBUG 6444 --- [https-jsse-nio-8443-exec-3] org.hibernate.SQL                        : select user0_.id as id1_1_0_, user0_.password as password2_1_0_, user0_.username as username3_1_0_ from user user0_ where user0_.id=?
2020-08-03 16:30:37.654 TRACE 6444 --- [https-jsse-nio-8443-exec-3] o.h.type.descriptor.sql.BasicBinder      : binding parameter [1] as [BIGINT] - [15]
2020-08-03 16:30:37.655 DEBUG 6444 --- [https-jsse-nio-8443-exec-3] org.hibernate.SQL                        : select count(transforme0_.id) as col_0_0_ from transformersubstations transforme0_
2020-08-03 16:30:38.035 DEBUG 6444 --- [https-jsse-nio-8443-exec-4] org.hibernate.SQL                        : select transforme0_.id as id1_0_, transforme0_.ip as ip2_0_, transforme0_.namesubs as namesubs3_0_, transforme0_.user_id as user_id5_0_, transforme0_.zone as zone4_0_ from transformersubstations transforme0_
2020-08-03 16:30:38.036 DEBUG 6444 --- [https-jsse-nio-8443-exec-4] org.hibernate.SQL                        : select user0_.id as id1_1_0_, user0_.password as password2_1_0_, user0_.username as username3_1_0_ from user user0_ where user0_.id=?
2020-08-03 16:30:38.036 TRACE 6444 --- [https-jsse-nio-8443-exec-4] o.h.type.descriptor.sql.BasicBinder      : binding parameter [1] as [BIGINT] - [15]
2020-08-03 16:30:38.518 DEBUG 6444 --- [https-jsse-nio-8443-exec-6] org.hibernate.SQL                        : select transforme0_.id as id1_0_, transforme0_.ip as ip2_0_, transforme0_.namesubs as namesubs3_0_, transforme0_.user_id as user_id5_0_, transforme0_.zone as zone4_0_ from transformersubstations transforme0_ order by transforme0_.id desc limit ?
2020-08-03 16:30:38.519 DEBUG 6444 --- [https-jsse-nio-8443-exec-6] org.hibernate.SQL                        : select user0_.id as id1_1_0_, user0_.password as password2_1_0_, user0_.username as username3_1_0_ from user user0_ where user0_.id=?
2020-08-03 16:30:38.519 TRACE 6444 --- [https-jsse-nio-8443-exec-6] o.h.type.descriptor.sql.BasicBinder      : binding parameter [1] as [BIGINT] - [15]
2020-08-03 16:30:38.519 DEBUG 6444 --- [https-jsse-nio-8443-exec-6] org.hibernate.SQL                        : select count(transforme0_.id) as col_0_0_ from transformersubstations transforme0_
2020-08-03 16:30:38.926 DEBUG 6444 --- [https-jsse-nio-8443-exec-7] org.hibernate.SQL                        : select transforme0_.id as id1_0_, transforme0_.ip as ip2_0_, transforme0_.namesubs as namesubs3_0_, transforme0_.user_id as user_id5_0_, transforme0_.zone as zone4_0_ from transformersubstations transforme0_
2020-08-03 16:30:38.927 DEBUG 6444 --- [https-jsse-nio-8443-exec-7] org.hibernate.SQL                        : select user0_.id as id1_1_0_, user0_.password as password2_1_0_, user0_.username as username3_1_0_ from user user0_ where user0_.id=?
2020-08-03 16:30:38.927 TRACE 6444 --- [https-jsse-nio-8443-exec-7] o.h.type.descriptor.sql.BasicBinder      : binding parameter [1] as [BIGINT] - [15]
2020-08-03 16:30:39.786 DEBUG 6444 --- [https-jsse-nio-8443-exec-8] org.hibernate.SQL                        : select transforme0_.id as id1_0_, transforme0_.ip as ip2_0_, transforme0_.namesubs as namesubs3_0_, transforme0_.user_id as user_id5_0_, transforme0_.zone as zone4_0_ from transformersubstations transforme0_ order by transforme0_.id desc limit ?
2020-08-03 16:30:39.787 DEBUG 6444 --- [https-jsse-nio-8443-exec-8] org.hibernate.SQL                        : select user0_.id as id1_1_0_, user0_.password as password2_1_0_, user0_.username as username3_1_0_ from user user0_ where user0_.id=?
2020-08-03 16:30:39.787 TRACE 6444 --- [https-jsse-nio-8443-exec-8] o.h.type.descriptor.sql.BasicBinder      : binding parameter [1] as [BIGINT] - [15]
2020-08-03 16:30:39.788 DEBUG 6444 --- [https-jsse-nio-8443-exec-8] org.hibernate.SQL                        : select count(transforme0_.id) as col_0_0_ from transformersubstations transforme0_
2020-08-03 16:30:40.643 DEBUG 6444 --- [https-jsse-nio-8443-exec-9] org.hibernate.SQL                        : select transforme0_.id as id1_0_, transforme0_.ip as ip2_0_, transforme0_.namesubs as namesubs3_0_, transforme0_.user_id as user_id5_0_, transforme0_.zone as zone4_0_ from transformersubstations transforme0_
2020-08-03 16:30:40.645 DEBUG 6444 --- [https-jsse-nio-8443-exec-9] org.hibernate.SQL                        : select user0_.id as id1_1_0_, user0_.password as password2_1_0_, user0_.username as username3_1_0_ from user user0_ where user0_.id=?
2020-08-03 16:30:40.645 TRACE 6444 --- [https-jsse-nio-8443-exec-9] o.h.type.descriptor.sql.BasicBinder      : binding parameter [1] as [BIGINT] - [15]
2020-08-03 16:30:41.219 DEBUG 6444 --- [https-jsse-nio-8443-exec-10] org.hibernate.SQL                        : select transforme0_.id as id1_0_, transforme0_.ip as ip2_0_, transforme0_.namesubs as namesubs3_0_, transforme0_.user_id as user_id5_0_, transforme0_.zone as zone4_0_ from transformersubstations transforme0_ order by transforme0_.id desc limit ?
2020-08-03 16:30:41.219 DEBUG 6444 --- [https-jsse-nio-8443-exec-10] org.hibernate.SQL                        : select user0_.id as id1_1_0_, user0_.password as password2_1_0_, user0_.username as username3_1_0_ from user user0_ where user0_.id=?
2020-08-03 16:30:41.220 TRACE 6444 --- [https-jsse-nio-8443-exec-10] o.h.type.descriptor.sql.BasicBinder      : binding parameter [1] as [BIGINT] - [15]
2020-08-03 16:30:41.220 DEBUG 6444 --- [https-jsse-nio-8443-exec-10] org.hibernate.SQL                        : select count(transforme0_.id) as col_0_0_ from transformersubstations transforme0_
2020-08-03 16:30:47.131 DEBUG 6444 --- [https-jsse-nio-8443-exec-5] org.hibernate.SQL                        : select transforme0_.id as id1_0_0_, transforme0_.ip as ip2_0_0_, transforme0_.namesubs as namesubs3_0_0_, transforme0_.user_id as user_id5_0_0_, transforme0_.zone as zone4_0_0_, user1_.id as id1_1_1_, user1_.password as password2_1_1_, user1_.username as username3_1_1_ from transformersubstations transforme0_ left outer join user user1_ on transforme0_.user_id=user1_.id where transforme0_.id=?
2020-08-03 16:30:47.132 TRACE 6444 --- [https-jsse-nio-8443-exec-5] o.h.type.descriptor.sql.BasicBinder      : binding parameter [1] as [INTEGER] - [2]
2020-08-03 16:32:27.371 DEBUG 6444 --- [https-jsse-nio-8443-exec-2] org.hibernate.SQL                        : select transforme0_.id as id1_0_, transforme0_.ip as ip2_0_, transforme0_.namesubs as namesubs3_0_, transforme0_.user_id as user_id5_0_, transforme0_.zone as zone4_0_ from transformersubstations transforme0_ order by transforme0_.id desc limit ?
2020-08-03 16:32:27.372 DEBUG 6444 --- [https-jsse-nio-8443-exec-2] org.hibernate.SQL                        : select user0_.id as id1_1_0_, user0_.password as password2_1_0_, user0_.username as username3_1_0_ from user user0_ where user0_.id=?
2020-08-03 16:32:27.372 TRACE 6444 --- [https-jsse-nio-8443-exec-2] o.h.type.descriptor.sql.BasicBinder      : binding parameter [1] as [BIGINT] - [15]
2020-08-03 16:32:27.373 DEBUG 6444 --- [https-jsse-nio-8443-exec-2] org.hibernate.SQL                        : select count(transforme0_.id) as col_0_0_ from transformersubstations transforme0_
2020-08-03 16:32:28.705 DEBUG 6444 --- [https-jsse-nio-8443-exec-3] org.hibernate.SQL                        : select transforme0_.id as id1_0_0_, transforme0_.ip as ip2_0_0_, transforme0_.namesubs as namesubs3_0_0_, transforme0_.user_id as user_id5_0_0_, transforme0_.zone as zone4_0_0_, user1_.id as id1_1_1_, user1_.password as password2_1_1_, user1_.username as username3_1_1_ from transformersubstations transforme0_ left outer join user user1_ on transforme0_.user_id=user1_.id where transforme0_.id=?
2020-08-03 16:32:28.706 TRACE 6444 --- [https-jsse-nio-8443-exec-3] o.h.type.descriptor.sql.BasicBinder      : binding parameter [1] as [INTEGER] - [1]
